
R version 3.4.3 (2017-11-30) -- "Kite-Eating Tree"
Copyright (C) 2017 The R Foundation for Statistical Computing
Platform: x86_64-apple-darwin15.6.0 (64-bit)

R is free software and comes with ABSOLUTELY NO WARRANTY.
You are welcome to redistribute it under certain conditions.
Type 'license()' or 'licence()' for distribution details.

  Natural language support but running in an English locale

R is a collaborative project with many contributors.
Type 'contributors()' for more information and
'citation()' on how to cite R or R packages in publications.

Type 'demo()' for some demos, 'help()' for on-line help, or
'help.start()' for an HTML browser interface to help.
Type 'q()' to quit R.

[Previously saved workspace restored]

> #########################################################################################
> #####Run Rsubread for counts
> library(Rsubread);
> 
> files=c('BAMS/N2WT_INP_.bam', 'BAMS/OK803-INP__.bam', 'BAMS/N2-J2-1_.bam', 'BAMS/N2-J2-2_.bam', 'BAMS/N2-J2-3_.bam', 'BAMS/OK803-J2-1_.bam', 'BAMS/OK803-J2-2_.bam', 'BAMS/OK803-J2-3_.bam')
> 
> gtf=("OK_LFC_FLIPPED_DOG_2ndtime/N2_vs_OK_2ndtime/Dogcatcher_with_non-significant_genes/min_ALL_SAMPLES_DOG_with_nonsig.gtf")
> 
> ###Sense Unique
> sense=featureCounts(files,
+ isGTFAnnotationFile = TRUE,
+ annot.ext = gtf,
+ GTF.attrType = "gene_id",
+ allowMultiOverlap = TRUE,
+ nthreads = 4,
+ countMultiMappingReads=TRUE,
+ strandSpecific = 1)

        ==========     _____ _    _ ____  _____  ______          _____  
        =====         / ____| |  | |  _ \|  __ \|  ____|   /\   |  __ \ 
          =====      | (___ | |  | | |_) | |__) | |__     /  \  | |  | |
            ====      \___ \| |  | |  _ <|  _  /|  __|   / /\ \ | |  | |
              ====    ____) | |__| | |_) | | \ \| |____ / ____ \| |__| |
        ==========   |_____/ \____/|____/|_|  \_\______/_/    \_\_____/
       Rsubread 1.28.1

//========================== featureCounts setting ===========================\\
||                                                                            ||
||             Input files : 8 BAM files                                      ||
||                           S BAMS/N2WT_INP_.bam                             ||
||                           S BAMS/OK803-INP__.bam                           ||
||                           S BAMS/N2-J2-1_.bam                              ||
||                           S BAMS/N2-J2-2_.bam                              ||
||                           S BAMS/N2-J2-3_.bam                              ||
||                           S BAMS/OK803-J2-1_.bam                           ||
||                           S BAMS/OK803-J2-2_.bam                           ||
||                           S BAMS/OK803-J2-3_.bam                           ||
||                                                                            ||
||      Dir for temp files : .                                                ||
||                 Threads : 4                                                ||
||                   Level : meta-feature level                               ||
||              Paired-end : no                                               ||
||         Strand specific : stranded                                         ||
||      Multimapping reads : counted                                          ||
|| Multi-overlapping reads : counted                                          ||
||   Min overlapping bases : 1                                                ||
||                                                                            ||
\\===================== http://subread.sourceforge.net/ ======================//

//================================= Running ==================================\\
||                                                                            ||
|| Load annotation file OK_LFC_FLIPPED_DOG_2ndtime/N2_vs_OK_2ndtime/Dogca ... ||
||    Features : 20944                                                        ||
||    Meta-features : 20801                                                   ||
||    Chromosomes/contigs : 6                                                 ||
||                                                                            ||
|| Process BAM file BAMS/N2WT_INP_.bam...                                     ||
||    Single-end reads are included.                                          ||
||    Assign reads to features...                                             ||
||    Total reads : 81280268                                                  ||
||    Successfully assigned reads : 7068322 (8.7%)                            ||
||    Running time : 3.50 minutes                                             ||
||                                                                            ||
|| Process BAM file BAMS/OK803-INP__.bam...                                   ||
||    Single-end reads are included.                                          ||
||    Assign reads to features...                                             ||
||    Total reads : 48424124                                                  ||
||    Successfully assigned reads : 7530872 (15.6%)                           ||
||    Running time : 2.34 minutes                                             ||
||                                                                            ||
|| Process BAM file BAMS/N2-J2-1_.bam...                                      ||
||    Single-end reads are included.                                          ||
||    Assign reads to features...                                             ||
||    Total reads : 46123361                                                  ||
||    Successfully assigned reads : 4265279 (9.2%)                            ||
||    Running time : 2.00 minutes                                             ||
||                                                                            ||
|| Process BAM file BAMS/N2-J2-2_.bam...                                      ||
||    Single-end reads are included.                                          ||
||    Assign reads to features...                                             ||
||    Total reads : 46759472                                                  ||
||    Successfully assigned reads : 3981659 (8.5%)                            ||
||    Running time : 1.94 minutes                                             ||
||                                                                            ||
|| Process BAM file BAMS/N2-J2-3_.bam...                                      ||
||    Single-end reads are included.                                          ||
||    Assign reads to features...                                             ||
||    Total reads : 38672590                                                  ||
||    Successfully assigned reads : 3583436 (9.3%)                            ||
||    Running time : 1.63 minutes                                             ||
||                                                                            ||
|| Process BAM file BAMS/OK803-J2-1_.bam...                                   ||
||    Single-end reads are included.                                          ||
||    Assign reads to features...                                             ||
||    Total reads : 47990776                                                  ||
||    Successfully assigned reads : 2742371 (5.7%)                            ||
||    Running time : 2.06 minutes                                             ||
||                                                                            ||
|| Process BAM file BAMS/OK803-J2-2_.bam...                                   ||
||    Single-end reads are included.                                          ||
||    Assign reads to features...                                             ||
||    Total reads : 29492569                                                  ||
||    Successfully assigned reads : 2275136 (7.7%)                            ||
||    Running time : 1.27 minutes                                             ||
||                                                                            ||
|| Process BAM file BAMS/OK803-J2-3_.bam...                                   ||
||    Single-end reads are included.                                          ||
||    Assign reads to features...                                             ||
||    Total reads : 29969447                                                  ||
||    Successfully assigned reads : 1558766 (5.2%)                            ||
||    Running time : 1.27 minutes                                             ||
||                                                                            ||
||                         Read assignment finished.                          ||
||                                                                            ||
\\===================== http://subread.sourceforge.net/ ======================//

> 
> write.table(x=data.frame(
+ sense$annotation[,c("GeneID","Length")],
+ sense$counts,stringsAsFactors=FALSE),
+ file="OK_LFC_FLIPPED_DOG_2ndtime/N2_vs_OK_2ndtime/Dogcatcher_with_non-significant_genes/min_ALL_SAMPLES_DOG_with_nonsig_Dogcatcher_Rsubread_sense.txt",
+ quote=FALSE,sep="\t",row.names=FALSE)
> 
> ###Anti-sense 
> antisense=featureCounts(files,
+ isGTFAnnotationFile = TRUE,
+ annot.ext = gtf,
+ GTF.attrType = "gene_id",
+ allowMultiOverlap = TRUE,
+ countMultiMappingReads=TRUE,
+ nthreads = 4,
+ strandSpecific = 2)

        ==========     _____ _    _ ____  _____  ______          _____  
        =====         / ____| |  | |  _ \|  __ \|  ____|   /\   |  __ \ 
          =====      | (___ | |  | | |_) | |__) | |__     /  \  | |  | |
            ====      \___ \| |  | |  _ <|  _  /|  __|   / /\ \ | |  | |
              ====    ____) | |__| | |_) | | \ \| |____ / ____ \| |__| |
        ==========   |_____/ \____/|____/|_|  \_\______/_/    \_\_____/
       Rsubread 1.28.1

//========================== featureCounts setting ===========================\\
||                                                                            ||
||             Input files : 8 BAM files                                      ||
||                           S BAMS/N2WT_INP_.bam                             ||
||                           S BAMS/OK803-INP__.bam                           ||
||                           S BAMS/N2-J2-1_.bam                              ||
||                           S BAMS/N2-J2-2_.bam                              ||
||                           S BAMS/N2-J2-3_.bam                              ||
||                           S BAMS/OK803-J2-1_.bam                           ||
||                           S BAMS/OK803-J2-2_.bam                           ||
||                           S BAMS/OK803-J2-3_.bam                           ||
||                                                                            ||
||      Dir for temp files : .                                                ||
||                 Threads : 4                                                ||
||                   Level : meta-feature level                               ||
||              Paired-end : no                                               ||
||         Strand specific : reversely stranded                               ||
||      Multimapping reads : counted                                          ||
|| Multi-overlapping reads : counted                                          ||
||   Min overlapping bases : 1                                                ||
||                                                                            ||
\\===================== http://subread.sourceforge.net/ ======================//

//================================= Running ==================================\\
||                                                                            ||
|| Load annotation file OK_LFC_FLIPPED_DOG_2ndtime/N2_vs_OK_2ndtime/Dogca ... ||
||    Features : 20944                                                        ||
||    Meta-features : 20801                                                   ||
||    Chromosomes/contigs : 6                                                 ||
||                                                                            ||
|| Process BAM file BAMS/N2WT_INP_.bam...                                     ||
||    Single-end reads are included.                                          ||
||    Assign reads to features...                                             ||
||    Total reads : 81280268                                                  ||
||    Successfully assigned reads : 61407045 (75.5%)                          ||
||    Running time : 3.18 minutes                                             ||
||                                                                            ||
|| Process BAM file BAMS/OK803-INP__.bam...                                   ||
||    Single-end reads are included.                                          ||
||    Assign reads to features...                                             ||
||    Total reads : 48424124                                                  ||
||    Successfully assigned reads : 27320983 (56.4%)                          ||
||    Running time : 2.10 minutes                                             ||
||                                                                            ||
|| Process BAM file BAMS/N2-J2-1_.bam...                                      ||
||    Single-end reads are included.                                          ||
||    Assign reads to features...                                             ||
||    Total reads : 46123361                                                  ||
||    Successfully assigned reads : 34549735 (74.9%)                          ||
||    Running time : 2.23 minutes                                             ||
||                                                                            ||
|| Process BAM file BAMS/N2-J2-2_.bam...                                      ||
||    Single-end reads are included.                                          ||
||    Assign reads to features...                                             ||
||    Total reads : 46759472                                                  ||
||    Successfully assigned reads : 35349325 (75.6%)                          ||
||    Running time : 1.95 minutes                                             ||
||                                                                            ||
|| Process BAM file BAMS/N2-J2-3_.bam...                                      ||
||    Single-end reads are included.                                          ||
||    Assign reads to features...                                             ||
||    Total reads : 38672590                                                  ||
||    Successfully assigned reads : 28656216 (74.1%)                          ||
||    Running time : 1.64 minutes                                             ||
||                                                                            ||
|| Process BAM file BAMS/OK803-J2-1_.bam...                                   ||
||    Single-end reads are included.                                          ||
||    Assign reads to features...                                             ||
||    Total reads : 47990776                                                  ||
||    Successfully assigned reads : 39803595 (82.9%)                          ||
||    Running time : 2.39 minutes                                             ||
||                                                                            ||
|| Process BAM file BAMS/OK803-J2-2_.bam...                                   ||
||    Single-end reads are included.                                          ||
||    Assign reads to features...                                             ||
||    Total reads : 29492569                                                  ||
||    Successfully assigned reads : 23275973 (78.9%)                          ||
||    Running time : 1.52 minutes                                             ||
||                                                                            ||
|| Process BAM file BAMS/OK803-J2-3_.bam...                                   ||
||    Single-end reads are included.                                          ||
||    Assign reads to features...                                             ||
||    Total reads : 29969447                                                  ||
||    Successfully assigned reads : 24996885 (83.4%)                          ||
||    Running time : 1.40 minutes                                             ||
||                                                                            ||
||                         Read assignment finished.                          ||
||                                                                            ||
\\===================== http://subread.sourceforge.net/ ======================//

> 
> write.table(x=data.frame(
+ antisense$annotation[,c("GeneID","Length")],
+ antisense$counts,stringsAsFactors=FALSE),
+ file="OK_LFC_FLIPPED_DOG_2ndtime/N2_vs_OK_2ndtime/Dogcatcher_with_non-significant_genes/min_ALL_SAMPLES_DOG_with_nonsig_Dogcatcher_Rsubread_antisense.txt",
+ quote=FALSE,sep="\t",row.names=FALSE)
> 
> proc.time()
    user   system  elapsed 
2526.046  138.426 1955.897 
